<?xml version="1.0" encoding="UTF-8"?>
<!-- Generated by org.testng.reporters.JUnitReportReporter -->
<testsuite hostname="LAPTOP-P60UM1C4" failures="0" tests="3" name="demo.Demo6_BasicValidations_XML" time="6.847" errors="0" timestamp="2022-09-19T12:39:47 IST" skipped="0">
  <testcase classname="demo.Demo6_BasicValidations_XML" name="testSingleContent" time="5.085"/>
  <system-out/>
  <testcase classname="demo.Demo6_BasicValidations_XML" name="testMultipleContent" time="1.008"/>
  <system-out/>
  <testcase classname="demo.Demo6_BasicValidations_XML" name="testMultipleContentInOneGo" time="0.754"/>
  <system-out/>
</testsuite> <!-- demo.Demo6_BasicValidations_XML -->
