<?xml version="1.0" encoding="UTF-8"?>
<!-- Generated by org.testng.reporters.JUnitReportReporter -->
<testsuite hostname="LAPTOP-P60UM1C4" failures="0" tests="1" name="demo.Demo1_GET_Request" time="3.776" errors="0" timestamp="2022-10-06T14:21:50 IST" skipped="0">
  <testcase classname="demo.Demo1_GET_Request" name="getWeatherDetails" time="3.776"/>
  <system-out/>
</testsuite> <!-- demo.Demo1_GET_Request -->
