<?xml version="1.0" encoding="UTF-8"?>
<!-- Generated by org.testng.reporters.JUnitReportReporter -->
<testsuite hostname="LAPTOP-P60UM1C4" failures="0" tests="1" name="tests.TestsExamples" time="4.089" errors="0" timestamp="2022-10-06T14:32:03 IST" skipped="0">
  <testcase classname="tests.TestsExamples" name="test_1" time="4.089"/>
  <system-out/>
</testsuite> <!-- tests.TestsExamples -->
