<?xml version="1.0" encoding="UTF-8"?>
<!-- Generated by org.testng.reporters.JUnitReportReporter -->
<testsuite hostname="LAPTOP-P60UM1C4" failures="0" tests="1" name="demo.DemoRequest" time="3.028" errors="0" timestamp="2022-09-14T11:56:43 IST" skipped="0">
  <testcase classname="demo.DemoRequest" name="getWeatherDetails" time="3.028"/>
  <system-out/>
</testsuite> <!-- demo.DemoRequest -->
