<?xml version="1.0" encoding="UTF-8"?>
<!-- Generated by org.testng.reporters.JUnitReportReporter -->
<testsuite hostname="LAPTOP-P60UM1C4" failures="0" tests="3" name="tests.PutPatchAndDeleteExamples" time="6.745" errors="0" timestamp="2022-10-06T14:07:25 IST" skipped="0">
  <testcase classname="tests.PutPatchAndDeleteExamples" name="testPut" time="1.215"/>
  <system-out/>
  <testcase classname="tests.PutPatchAndDeleteExamples" name="testPatch" time="0.963"/>
  <system-out/>
  <testcase classname="tests.PutPatchAndDeleteExamples" name="testDelete" time="4.567"/>
  <system-out/>
</testsuite> <!-- tests.PutPatchAndDeleteExamples -->
