<?xml version="1.0" encoding="UTF-8"?>
<!-- Generated by org.testng.reporters.JUnitReportReporter -->
<testsuite hostname="LAPTOP-P60UM1C4" failures="0" tests="1" name="tests.GetAndPostExamples" time="4.695" errors="0" timestamp="2022-10-06T15:16:10 IST" skipped="0">
  <testcase classname="tests.GetAndPostExamples" name="testGet" time="4.695"/>
  <system-out/>
</testsuite> <!-- tests.GetAndPostExamples -->
