<?xml version="1.0" encoding="UTF-8"?>
<!-- Generated by org.testng.reporters.JUnitReportReporter -->
<testsuite hostname="LAPTOP-P60UM1C4" failures="0" tests="1" name="demo.Test_1" time="5.471" errors="0" timestamp="2022-09-19T11:39:13 IST" skipped="0">
  <testcase classname="demo.Test_1" name="test_1" time="5.471"/>
  <system-out/>
</testsuite> <!-- demo.Test_1 -->
