<?xml version="1.0" encoding="UTF-8"?>
<!-- Generated by org.testng.reporters.JUnitReportReporter -->
<testsuite hostname="LAPTOP-P60UM1C4" failures="0" tests="1" name="demo.Demo3_Punt_Request" time="4.957" errors="0" timestamp="2022-09-19T12:49:36 IST" skipped="0">
  <testcase classname="demo.Demo3_Punt_Request" name="testPut" time="4.957"/>
  <system-out/>
</testsuite> <!-- demo.Demo3_Punt_Request -->
